<?xml version="1.0" encoding="UTF-8"?>
<!-- Generated by org.testng.reporters.JUnitXMLReporter -->
<testsuite hostname="user" name="ReportsResult" tests="6" failures="1" timestamp="9 Feb 2018 11:42:13 GMT" time="185.332" errors="0">
  <testcase name="TC_0001_Login" time="173.859" classname="com.Cogniphy.Protection.Muthoot.TestSuites.Reports_TestSuite">
    <failure type="org.openqa.selenium.ElementNotVisibleException" message="element not visible
  (Session info: chrome=64.0.3282.140)
  (Driver info: chromedriver=2.33.506120 (e3e53437346286c0bc2d2dc9aa4915ba81d9023f),platform=Windows NT 6.3.9600 x86_64) (WARNING: The server did not provide any stacktrace information)
Command duration or timeout: 0 milliseconds
Build info: version: &amp;apos;3.8.1&amp;apos;, revision: &amp;apos;6e95a6684b&amp;apos;, time: &amp;apos;2017-12-01T18:33:54.468Z&amp;apos;
System info: host: &amp;apos;USER&amp;apos;, ip: &amp;apos;192.168.2.109&amp;apos;, os.name: &amp;apos;Windows 8.1&amp;apos;, os.arch: &amp;apos;amd64&amp;apos;, os.version: &amp;apos;6.3&amp;apos;, java.version: &amp;apos;1.8.0_91&amp;apos;
Driver info: org.openqa.selenium.chrome.ChromeDriver
Capabilities {acceptSslCerts: true, applicationCacheEnabled: false, browserConnectionEnabled: false, browserName: chrome, chrome: {chromedriverVersion: 2.33.506120 (e3e53437346286..., userDataDir: C:\Users\121\AppData\Local\...}, cssSelectorsEnabled: true, databaseEnabled: false, handlesAlerts: true, hasTouchScreen: false, javascriptEnabled: true, locationContextEnabled: true, mobileEmulationEnabled: false, nativeEvents: true, networkConnectionEnabled: false, pageLoadStrategy: normal, platform: XP, platformName: XP, rotatable: false, setWindowRect: true, takesHeapSnapshot: true, takesScreenshot: true, unexpectedAlertBehaviour: , unhandledPromptBehavior: , version: 64.0.3282.140, webStorageEnabled: true}
Session ID: 2b17e47abdc10b26ac4d8b9eb020719f">
      <![CDATA[org.openqa.selenium.ElementNotVisibleException: element not visible
  (Session info: chrome=64.0.3282.140)
  (Driver info: chromedriver=2.33.506120 (e3e53437346286c0bc2d2dc9aa4915ba81d9023f),platform=Windows NT 6.3.9600 x86_64) (WARNING: The server did not provide any stacktrace information)
Command duration or timeout: 0 milliseconds
Build info: version: '3.8.1', revision: '6e95a6684b', time: '2017-12-01T18:33:54.468Z'
System info: host: 'USER', ip: '192.168.2.109', os.name: 'Windows 8.1', os.arch: 'amd64', os.version: '6.3', java.version: '1.8.0_91'
Driver info: org.openqa.selenium.chrome.ChromeDriver
Capabilities {acceptSslCerts: true, applicationCacheEnabled: false, browserConnectionEnabled: false, browserName: chrome, chrome: {chromedriverVersion: 2.33.506120 (e3e53437346286..., userDataDir: C:\Users\121\AppData\Local\...}, cssSelectorsEnabled: true, databaseEnabled: false, handlesAlerts: true, hasTouchScreen: false, javascriptEnabled: true, locationContextEnabled: true, mobileEmulationEnabled: false, nativeEvents: true, networkConnectionEnabled: false, pageLoadStrategy: normal, platform: XP, platformName: XP, rotatable: false, setWindowRect: true, takesHeapSnapshot: true, takesScreenshot: true, unexpectedAlertBehaviour: , unhandledPromptBehavior: , version: 64.0.3282.140, webStorageEnabled: true}
Session ID: 2b17e47abdc10b26ac4d8b9eb020719f
	at org.openqa.selenium.remote.ErrorHandler.createThrowable(ErrorHandler.java:214)
	at org.openqa.selenium.remote.ErrorHandler.throwIfResponseFailed(ErrorHandler.java:166)
	at org.openqa.selenium.remote.http.JsonHttpResponseCodec.reconstructValue(JsonHttpResponseCodec.java:40)
	at org.openqa.selenium.remote.http.AbstractHttpResponseCodec.decode(AbstractHttpResponseCodec.java:80)
	at org.openqa.selenium.remote.http.AbstractHttpResponseCodec.decode(AbstractHttpResponseCodec.java:44)
	at org.openqa.selenium.remote.HttpCommandExecutor.execute(HttpCommandExecutor.java:164)
	at org.openqa.selenium.remote.service.DriverCommandExecutor.execute(DriverCommandExecutor.java:83)
	at org.openqa.selenium.remote.RemoteWebDriver.execute(RemoteWebDriver.java:601)
	at org.openqa.selenium.remote.RemoteWebElement.execute(RemoteWebElement.java:279)
	at org.openqa.selenium.remote.RemoteWebElement.click(RemoteWebElement.java:83)
	at com.Cogniphy.Protection.Muthoot.Reports.ERTDaily_Report.fetch_Daily_report(ERTDaily_Report.java:44)
	at com.Cogniphy.Protection.Muthoot.TestSuites.Reports_TestSuite.TC_0001_Login(Reports_TestSuite.java:35)
... Removed 28 stack frames]]>
    </failure>
  </testcase> <!-- TC_0001_Login -->
  <testcase name="TC_0019_Validate_ERTReported_At_Time_with_Daily_Report" time="0.001" classname="com.Cogniphy.Protection.Muthoot.TestSuites.Reports_TestSuite"/>
  <testcase name="TC_0021_22_Validate_No_of_Branches_Visted" time="0.003" classname="com.Cogniphy.Protection.Muthoot.TestSuites.Reports_TestSuite"/>
  <testcase name="TC_0023_0024_IncidentRoom_BranchNames_Validation" time="0.0" classname="com.Cogniphy.Protection.Muthoot.TestSuites.Reports_TestSuite"/>
  <testcase name="TC_0025_0026_ADT_AlarmTime_Vrfction_BN_Summ_ND_IncRoom" time="0.001" classname="com.Cogniphy.Protection.Muthoot.TestSuites.Reports_TestSuite"/>
  <testcase name="TC_0027_0028_ADT_RecievedTime_Verification" time="0.002" classname="com.Cogniphy.Protection.Muthoot.TestSuites.Reports_TestSuite"/>
</testsuite> <!-- ReportsResult -->
